f:\studyc++\sqlback\sqlback\x64\debug\sqlback.obj
f:\studyc++\sqlback\sqlback\x64\debug\qrc_sqlback.obj
f:\studyc++\sqlback\sqlback\x64\debug\main.obj
f:\studyc++\sqlback\sqlback\x64\debug\moc_sqlback.obj
f:\studyc++\sqlback\sqlback\x64\debug\vc140.pdb
f:\studyc++\sqlback\x64\debug\sqlback.ilk
f:\studyc++\sqlback\x64\debug\sqlback.exe
f:\studyc++\sqlback\x64\debug\sqlback.pdb
f:\studyc++\sqlback\sqlback\.\generatedfiles\debug\moc_sqlback.cpp
f:\studyc++\sqlback\sqlback\.\generatedfiles\qrc_sqlback.cpp
f:\studyc++\sqlback\sqlback\generatedfiles\ui_sqlback.h
f:\studyc++\sqlback\sqlback\generatedfiles\qrc_sqlback.cpp
f:\studyc++\sqlback\sqlback\generatedfiles\debug\moc_sqlback.cpp
f:\studyc++\sqlback\sqlback\.\generatedfiles\ui_sqlback.h
f:\studyc++\codingc++\sqlback\sqlback\x64\debug\main.obj
f:\studyc++\codingc++\sqlback\sqlback\x64\debug\moc_sqlback.obj
f:\studyc++\codingc++\sqlback\sqlback\x64\debug\qrc_sqlback.obj
f:\studyc++\codingc++\sqlback\sqlback\x64\debug\sqlback.obj
f:\studyc++\codingc++\sqlback\sqlback\x64\debug\vc140.pdb
f:\studyc++\codingc++\sqlback\x64\debug\sqlback.pdb
f:\studyc++\codingc++\sqlback\x64\debug\sqlback.exe
f:\studyc++\codingc++\sqlback\x64\debug\sqlback.ilk
f:\studyc++\codingc++\sqlback\sqlback\x64\debug\sqlback.tlog\cl.command.1.tlog
f:\studyc++\codingc++\sqlback\sqlback\x64\debug\sqlback.tlog\cl.read.1.tlog
f:\studyc++\codingc++\sqlback\sqlback\x64\debug\sqlback.tlog\cl.write.1.tlog
f:\studyc++\codingc++\sqlback\sqlback\x64\debug\sqlback.tlog\link.command.1.tlog
f:\studyc++\codingc++\sqlback\sqlback\x64\debug\sqlback.tlog\link.read.1.tlog
f:\studyc++\codingc++\sqlback\sqlback\x64\debug\sqlback.tlog\link.write.1.tlog
f:\studyc++\codingc++\sqlback\sqlback\x64\debug\sqlback.tlog\moc.read.1u.tlog
f:\studyc++\codingc++\sqlback\sqlback\x64\debug\sqlback.tlog\moc.write.1u.tlog
f:\studyc++\codingc++\sqlback\sqlback\x64\debug\sqlback.tlog\rcc.read.1u.tlog
f:\studyc++\codingc++\sqlback\sqlback\x64\debug\sqlback.tlog\rcc.write.1u.tlog
f:\studyc++\codingc++\sqlback\sqlback\x64\debug\sqlback.tlog\sqlback.write.1u.tlog
f:\studyc++\codingc++\sqlback\sqlback\x64\debug\sqlback.tlog\uic.read.1u.tlog
f:\studyc++\codingc++\sqlback\sqlback\x64\debug\sqlback.tlog\uic.write.1u.tlog
